Using pre-set license
Built from '2022.3/staging' branch; Version is '2022.3.10f1 (ff3792e53c62) revision 16725906'; Using compiler version '192829333'; Build Type 'Release'
OS: 'Windows 11  (10.0.22631) 64bit CoreSingleLanguage' Language: 'en' Physical Memory: 15731 MB
BatchMode: 1, IsHumanControllingUs: 0, StartBugReporterOnCrash: 0, Is64bit: 1, IsPro: 1

COMMAND LINE ARGUMENTS:
C:\Program Files\Unity\Hub\Editor\2022.3.10f1\Editor\Unity.exe
-adb2
-batchMode
-noUpm
-name
AssetImportWorker1
-projectPath
D:/Unity_Projects/Projects/Enchanted Battlegrounds
-logFile
Logs/AssetImportWorker1.log
-srvPort
58684
Successfully changed project path to: D:/Unity_Projects/Projects/Enchanted Battlegrounds
D:/Unity_Projects/Projects/Enchanted Battlegrounds
[UnityMemory] Configuration Parameters - Can be set up in boot.config
    "memorysetup-bucket-allocator-granularity=16"
    "memorysetup-bucket-allocator-bucket-count=8"
    "memorysetup-bucket-allocator-block-size=33554432"
    "memorysetup-bucket-allocator-block-count=8"
    "memorysetup-main-allocator-block-size=16777216"
    "memorysetup-thread-allocator-block-size=16777216"
    "memorysetup-gfx-main-allocator-block-size=16777216"
    "memorysetup-gfx-thread-allocator-block-size=16777216"
    "memorysetup-cache-allocator-block-size=4194304"
    "memorysetup-typetree-allocator-block-size=2097152"
    "memorysetup-profiler-bucket-allocator-granularity=16"
    "memorysetup-profiler-bucket-allocator-bucket-count=8"
    "memorysetup-profiler-bucket-allocator-block-size=33554432"
    "memorysetup-profiler-bucket-allocator-block-count=8"
    "memorysetup-profiler-allocator-block-size=16777216"
    "memorysetup-profiler-editor-allocator-block-size=1048576"
    "memorysetup-temp-allocator-size-main=16777216"
    "memorysetup-job-temp-allocator-block-size=2097152"
    "memorysetup-job-temp-allocator-block-size-background=1048576"
    "memorysetup-job-temp-allocator-reduction-small-platforms=262144"
    "memorysetup-allocator-temp-initial-block-size-main=262144"
    "memorysetup-allocator-temp-initial-block-size-worker=262144"
    "memorysetup-temp-allocator-size-background-worker=32768"
    "memorysetup-temp-allocator-size-job-worker=262144"
    "memorysetup-temp-allocator-size-preload-manager=33554432"
    "memorysetup-temp-allocator-size-nav-mesh-worker=65536"
    "memorysetup-temp-allocator-size-audio-worker=65536"
    "memorysetup-temp-allocator-size-cloud-worker=32768"
    "memorysetup-temp-allocator-size-gi-baking-worker=262144"
    "memorysetup-temp-allocator-size-gfx=262144"
Player connection [33736] Host "[IP] 10.12.17.79 [Port] 0 [Flags] 2 [Guid] 3986203552 [EditorId] 3986203552 [Version] 1048832 [Id] WindowsEditor(7,LAPTOP-FS0EB7MG) [Debug] 1 [PackageName] WindowsEditor [ProjectName] Editor" joined multi-casting on [225.0.0.222:54997]...

Player connection [33736] Host "[IP] 10.12.17.79 [Port] 0 [Flags] 2 [Guid] 3986203552 [EditorId] 3986203552 [Version] 1048832 [Id] WindowsEditor(7,LAPTOP-FS0EB7MG) [Debug] 1 [PackageName] WindowsEditor [ProjectName] Editor" joined alternative multi-casting on [225.0.0.222:34997]...

[Physics::Module] Initialized MultithreadedJobDispatcher with 15 workers.
Refreshing native plugins compatible for Editor in 398.12 ms, found 3 plugins.
Preloading 0 native plugins for Editor in 0.00 ms.
Initialize engine version: 2022.3.10f1 (ff3792e53c62)
[Subsystems] Discovering subsystems at path C:/Program Files/Unity/Hub/Editor/2022.3.10f1/Editor/Data/Resources/UnitySubsystems
[Subsystems] Discovering subsystems at path D:/Unity_Projects/Projects/Enchanted Battlegrounds/Assets
GfxDevice: creating device client; threaded=0; jobified=0
Direct3D:
    Version:  Direct3D 11.0 [level 11.1]
    Renderer: NVIDIA GeForce GTX 1650 Ti (ID=0x1f95)
    Vendor:   NVIDIA
    VRAM:     3935 MB
    Driver:   31.0.15.5186
Initialize mono
Mono path[0] = 'C:/Program Files/Unity/Hub/Editor/2022.3.10f1/Editor/Data/Managed'
Mono path[1] = 'C:/Program Files/Unity/Hub/Editor/2022.3.10f1/Editor/Data/MonoBleedingEdge/lib/mono/unityjit-win32'
Mono config path = 'C:/Program Files/Unity/Hub/Editor/2022.3.10f1/Editor/Data/MonoBleedingEdge/etc'
Using monoOptions --debugger-agent=transport=dt_socket,embedding=1,server=y,suspend=n,address=127.0.0.1:56064
Begin MonoManager ReloadAssembly
Registering precompiled unity dll's ...
Register platform support module: C:/Program Files/Unity/Hub/Editor/2022.3.10f1/Editor/Data/PlaybackEngines/WebGLSupport/UnityEditor.WebGL.Extensions.dll
Register platform support module: C:/Program Files/Unity/Hub/Editor/2022.3.10f1/Editor/Data/PlaybackEngines/AndroidPlayer/UnityEditor.Android.Extensions.dll
Register platform support module: C:/Program Files/Unity/Hub/Editor/2022.3.10f1/Editor/Data/PlaybackEngines/WindowsStandaloneSupport/UnityEditor.WindowsStandalone.Extensions.dll
Register platform support module: C:/Program Files/Unity/Hub/Editor/2022.3.10f1/Editor/Data/PlaybackEngines/MetroSupport/UnityEditor.UWP.Extensions.dll
Registered in 0.008961 seconds.
- Loaded All Assemblies, in  0.584 seconds
Native extension for UWP target not found
Native extension for WindowsStandalone target not found
Native extension for Android target not found
Android Extension - Scanning For ADB Devices 339 ms
Native extension for WebGL target not found
Mono: successfully reloaded assembly
- Finished resetting the current domain, in  0.755 seconds
Domain Reload Profiling: 1339ms
	BeginReloadAssembly (205ms)
		ExecutionOrderSort (0ms)
		DisableScriptedObjects (0ms)
		BackupInstance (0ms)
		ReleaseScriptingObjects (0ms)
		CreateAndSetChildDomain (1ms)
	RebuildCommonClasses (48ms)
	RebuildNativeTypeToScriptingClass (14ms)
	initialDomainReloadingComplete (71ms)
	LoadAllAssembliesAndSetupDomain (245ms)
		LoadAssemblies (207ms)
		RebuildTransferFunctionScriptingTraits (0ms)
		AnalyzeDomain (238ms)
			TypeCache.Refresh (237ms)
				TypeCache.ScanAssembly (215ms)
			ScanForSourceGeneratedMonoScriptInfo (1ms)
			ResolveRequiredComponents (1ms)
	FinalizeReload (756ms)
		ReleaseScriptCaches (0ms)
		RebuildScriptCaches (0ms)
		SetupLoadedEditorAssemblies (683ms)
			LogAssemblyErrors (0ms)
			InitializePlatformSupportModulesInManaged (468ms)
			SetLoadedEditorAssemblies (9ms)
			RefreshPlugins (0ms)
			BeforeProcessingInitializeOnLoad (3ms)
			ProcessInitializeOnLoadAttributes (134ms)
			ProcessInitializeOnLoadMethodAttributes (69ms)
			AfterProcessingInitializeOnLoad (0ms)
			EditorAssembliesLoaded (0ms)
		ExecutionOrderSort2 (0ms)
		AwakeInstancesAfterBackupRestoration (0ms)
========================================================================
Worker process is ready to serve import requests
Begin MonoManager ReloadAssembly
- Loaded All Assemblies, in  2.704 seconds
Refreshing native plugins compatible for Editor in 2.29 ms, found 3 plugins.
Native extension for UWP target not found
Native extension for WindowsStandalone target not found
Native extension for Android target not found
Native extension for WebGL target not found
Package Manager log level set to [2]
[Package Manager] Server::EnsureServerProcessIsRunning -- launch failed, reason: Unity was launched with the -noUpm command-line argument
[Package Manager] UpmClient::Send -- Unable to send message (not connected to UPM process).
[Package Manager] Cannot connect to Unity Package Manager local server
Mono: successfully reloaded assembly
- Finished resetting the current domain, in  1.117 seconds
Domain Reload Profiling: 3819ms
	BeginReloadAssembly (188ms)
		ExecutionOrderSort (0ms)
		DisableScriptedObjects (6ms)
		BackupInstance (0ms)
		ReleaseScriptingObjects (0ms)
		CreateAndSetChildDomain (26ms)
	RebuildCommonClasses (40ms)
	RebuildNativeTypeToScriptingClass (12ms)
	initialDomainReloadingComplete (43ms)
	LoadAllAssembliesAndSetupDomain (2419ms)
		LoadAssemblies (2287ms)
		RebuildTransferFunctionScriptingTraits (0ms)
		AnalyzeDomain (238ms)
			TypeCache.Refresh (206ms)
				TypeCache.ScanAssembly (183ms)
			ScanForSourceGeneratedMonoScriptInfo (24ms)
			ResolveRequiredComponents (6ms)
	FinalizeReload (1118ms)
		ReleaseScriptCaches (0ms)
		RebuildScriptCaches (0ms)
		SetupLoadedEditorAssemblies (900ms)
			LogAssemblyErrors (0ms)
			InitializePlatformSupportModulesInManaged (29ms)
			SetLoadedEditorAssemblies (6ms)
			RefreshPlugins (0ms)
			BeforeProcessingInitializeOnLoad (75ms)
			ProcessInitializeOnLoadAttributes (715ms)
			ProcessInitializeOnLoadMethodAttributes (69ms)
			AfterProcessingInitializeOnLoad (6ms)
			EditorAssembliesLoaded (0ms)
		ExecutionOrderSort2 (0ms)
		AwakeInstancesAfterBackupRestoration (7ms)
Launched and connected shader compiler UnityShaderCompiler.exe after 0.10 seconds
Refreshing native plugins compatible for Editor in 3.55 ms, found 3 plugins.
Preloading 0 native plugins for Editor in 0.00 ms.
Unloading 4295 Unused Serialized files (Serialized files now loaded: 0)
Unloading 45 unused Assets / (349.2 KB). Loaded Objects now: 4790.
Memory consumption went from 236.3 MB to 235.9 MB.
Total: 4.938800 ms (FindLiveObjects: 0.458000 ms CreateObjectMapping: 0.204600 ms MarkObjects: 3.893300 ms  DeleteObjects: 0.381400 ms)

AssetImportParameters requested are different than current active one (requested -> active):
  custom:container-demuxer-ogg: 62fdf1f143b41e24485cea50d1cbac27 -> 
  custom:video-codec-MediaFoundation-h265: 746d11721c4dcdbdad8f713fa42b33f4 -> 
  custom:video-decoder-ogg-theora: a1e56fd34408186e4bbccfd4996cb3dc -> 
  custom:framework-win-MediaFoundation: 216162199b28c13a410421893ffa2e32 -> 
  custom:CustomObjectIndexerAttribute: 756ad292c208cfabdd7b50bc23989ffe -> 
  custom:container-demuxer-webm: 4f35f7cbe854078d1ac9338744f61a02 -> 
  custom:container-muxer-webm: aa71ff27fc2769a1b78a27578f13a17b -> 
  custom:video-decoder-webm-vp8: 9c59270c3fd7afecdb556c50c9e8de78 -> 
  custom:SearchIndexIgnoredProperties: e643bd26f0fe6173181afceb89e7c659 -> 
  custom:AudioImporter_EditorPlatform: d09bf68614088b80899f8185d706f6e7 -> 
  custom:video-encoder-webm-vp8: eb34c28f22e8b96e1ab97ce403110664 -> 
  custom:audio-decoder-ogg-vorbis: bf7c407c2cedff20999df2af8eb42d56 -> 
  custom:audio-encoder-webm-vorbis: bf7c407c2cedff20999df2af8eb42d56 -> 
========================================================================
Received Import Request.
  Time since last request: 110032.261210 seconds.
  path: Assets/Imports/WizardPolyArt/Mesh/Stage.fbx
  artifactKey: Guid(2c3dec735ce36e3498c2379c6673b473) Importer(815301076,1909f56bfc062723c751e8b465ee728b)
Start importing Assets/Imports/WizardPolyArt/Mesh/Stage.fbx using Guid(2c3dec735ce36e3498c2379c6673b473) Importer(815301076,1909f56bfc062723c751e8b465ee728b)  -> (artifact id: '09c05a61fe6fd3d41d217db6a0e46715') in 0.227519 seconds
Number of updated asset objects reloaded before import = 0
Number of asset objects unloaded after import = 7
========================================================================
Received Import Request.
  Time since last request: 0.000041 seconds.
  path: Assets/Imports/WizardPolyArt/Prefabs/PolyArtWizardStandardMat.prefab
  artifactKey: Guid(ccd8c3b89aa02e943a08ab9238a8a70c) Importer(815301076,1909f56bfc062723c751e8b465ee728b)
Start importing Assets/Imports/WizardPolyArt/Prefabs/PolyArtWizardStandardMat.prefab using Guid(ccd8c3b89aa02e943a08ab9238a8a70c) Importer(815301076,1909f56bfc062723c751e8b465ee728b)  -> (artifact id: '2169aefa72c80bba1f343ff2ce1c922a') in 0.801234 seconds
Number of updated asset objects reloaded before import = 0
Number of asset objects unloaded after import = 266
========================================================================
Received Import Request.
  Time since last request: 139.557788 seconds.
  path: Assets/Imports/Footstep(Snow and Grass)/Stepssingle sound/grass/Grass1 4-Audio.wav
  artifactKey: Guid(4901040e735fd2547870b06a27124c49) Importer(815301076,1909f56bfc062723c751e8b465ee728b)
Start importing Assets/Imports/Footstep(Snow and Grass)/Stepssingle sound/grass/Grass1 4-Audio.wav using Guid(4901040e735fd2547870b06a27124c49) Importer(815301076,1909f56bfc062723c751e8b465ee728b)  -> (artifact id: '3943c61525a78721c5a38c5bc9e637ed') in 0.034949 seconds
Number of updated asset objects reloaded before import = 0
Number of asset objects unloaded after import = 2
========================================================================
Received Import Request.
  Time since last request: 0.000036 seconds.
  path: Assets/Imports/Footstep(Snow and Grass)/Stepssingle sound/grass/Grass1 6-Audio.wav
  artifactKey: Guid(15b220b1b01e9d8469f3b754b8eb2a10) Importer(815301076,1909f56bfc062723c751e8b465ee728b)
Start importing Assets/Imports/Footstep(Snow and Grass)/Stepssingle sound/grass/Grass1 6-Audio.wav using Guid(15b220b1b01e9d8469f3b754b8eb2a10) Importer(815301076,1909f56bfc062723c751e8b465ee728b)  -> (artifact id: '5e5f70e43407d70ae2ff878fe7dfbb4c') in 0.013001 seconds
Number of updated asset objects reloaded before import = 0
Number of asset objects unloaded after import = 2
========================================================================
Received Import Request.
  Time since last request: 0.023159 seconds.
  path: Assets/Imports/Footstep(Snow and Grass)/Stepssingle sound/grass/Grass1 8-Audio.wav
  artifactKey: Guid(aa859614ff9b2234e8547d93e1cd9e73) Importer(815301076,1909f56bfc062723c751e8b465ee728b)
Start importing Assets/Imports/Footstep(Snow and Grass)/Stepssingle sound/grass/Grass1 8-Audio.wav using Guid(aa859614ff9b2234e8547d93e1cd9e73) Importer(815301076,1909f56bfc062723c751e8b465ee728b)  -> (artifact id: '6e7644222c51870000ed8289f6e29360') in 0.013923 seconds
Number of updated asset objects reloaded before import = 0
Number of asset objects unloaded after import = 2
========================================================================
Received Import Request.
  Time since last request: 0.081939 seconds.
  path: Assets/Imports/Footstep(Snow and Grass)/Stepssingle sound/grass/Grass1 11-Audio.wav
  artifactKey: Guid(363fb6bde7237674c9ab1b4ea4db05a3) Importer(815301076,1909f56bfc062723c751e8b465ee728b)
Start importing Assets/Imports/Footstep(Snow and Grass)/Stepssingle sound/grass/Grass1 11-Audio.wav using Guid(363fb6bde7237674c9ab1b4ea4db05a3) Importer(815301076,1909f56bfc062723c751e8b465ee728b)  -> (artifact id: 'e948381f533edcbb5ba4d6b97262a6c0') in 0.013858 seconds
Number of updated asset objects reloaded before import = 0
Number of asset objects unloaded after import = 2
========================================================================
Received Import Request.
  Time since last request: 6.726359 seconds.
  path: Assets/Imports/Footstep(Snow and Grass)/Stepssingle sound/grass/Grass1 13-Audio.wav
  artifactKey: Guid(7e30146df5f9bb84d9d63ed8211311b9) Importer(815301076,1909f56bfc062723c751e8b465ee728b)
Start importing Assets/Imports/Footstep(Snow and Grass)/Stepssingle sound/grass/Grass1 13-Audio.wav using Guid(7e30146df5f9bb84d9d63ed8211311b9) Importer(815301076,1909f56bfc062723c751e8b465ee728b)  -> (artifact id: 'ba26370aa115683b90c6bb1b5d9389ea') in 0.013725 seconds
Number of updated asset objects reloaded before import = 0
Number of asset objects unloaded after import = 2
========================================================================
Received Import Request.
  Time since last request: 0.041103 seconds.
  path: Assets/Imports/Footstep(Snow and Grass)/Stepssingle sound/grass/Grass1 14-Audio.wav
  artifactKey: Guid(dc51086bc85dc5448b059b6487ce0e0b) Importer(815301076,1909f56bfc062723c751e8b465ee728b)
Start importing Assets/Imports/Footstep(Snow and Grass)/Stepssingle sound/grass/Grass1 14-Audio.wav using Guid(dc51086bc85dc5448b059b6487ce0e0b) Importer(815301076,1909f56bfc062723c751e8b465ee728b)  -> (artifact id: '4e6732e71867a7ac3980d0313c67e6af') in 0.013217 seconds
Number of updated asset objects reloaded before import = 0
Number of asset objects unloaded after import = 2
========================================================================
Received Import Request.
  Time since last request: 0.086508 seconds.
  path: Assets/Imports/Footstep(Snow and Grass)/Stepssingle sound/grass/Grass1 17-Audio.wav
  artifactKey: Guid(a829296e83128554cba9da342d83d361) Importer(815301076,1909f56bfc062723c751e8b465ee728b)
Start importing Assets/Imports/Footstep(Snow and Grass)/Stepssingle sound/grass/Grass1 17-Audio.wav using Guid(a829296e83128554cba9da342d83d361) Importer(815301076,1909f56bfc062723c751e8b465ee728b)  -> (artifact id: '5cac14e563048b36c316a4acacbeb4b8') in 0.013589 seconds
Number of updated asset objects reloaded before import = 0
Number of asset objects unloaded after import = 2
========================================================================
Received Import Request.
  Time since last request: 0.018077 seconds.
  path: Assets/Imports/Footstep(Snow and Grass)/Stepssingle sound/grass/Grass1 19-Audio.wav
  artifactKey: Guid(5d8455fb534849442ad490965ff71279) Importer(815301076,1909f56bfc062723c751e8b465ee728b)
Start importing Assets/Imports/Footstep(Snow and Grass)/Stepssingle sound/grass/Grass1 19-Audio.wav using Guid(5d8455fb534849442ad490965ff71279) Importer(815301076,1909f56bfc062723c751e8b465ee728b)  -> (artifact id: 'eda5c297420b79bb01f5ef50b8dd715e') in 0.013733 seconds
Number of updated asset objects reloaded before import = 0
Number of asset objects unloaded after import = 2
========================================================================
Received Import Request.
  Time since last request: 0.032807 seconds.
  path: Assets/Imports/Footstep(Snow and Grass)/Stepssingle sound/grass/Grass1 22-Audio.wav
  artifactKey: Guid(3a9cd2eed86bb634c9da9b5864798f87) Importer(815301076,1909f56bfc062723c751e8b465ee728b)
Start importing Assets/Imports/Footstep(Snow and Grass)/Stepssingle sound/grass/Grass1 22-Audio.wav using Guid(3a9cd2eed86bb634c9da9b5864798f87) Importer(815301076,1909f56bfc062723c751e8b465ee728b)  -> (artifact id: '2a9cddd5cbe9573cecbd2d55fbc0c154') in 0.015044 seconds
Number of updated asset objects reloaded before import = 0
Number of asset objects unloaded after import = 2
========================================================================
Received Import Request.
  Time since last request: 8.623018 seconds.
  path: Assets/Imports/Footstep(Snow and Grass)/Stepssingle sound/grass/Grass1 25-Audio.wav
  artifactKey: Guid(07902d35c76dec04495ae89be0bca886) Importer(815301076,1909f56bfc062723c751e8b465ee728b)
Start importing Assets/Imports/Footstep(Snow and Grass)/Stepssingle sound/grass/Grass1 25-Audio.wav using Guid(07902d35c76dec04495ae89be0bca886) Importer(815301076,1909f56bfc062723c751e8b465ee728b)  -> (artifact id: 'fa41780fe186b3cde2ea1b541a8bf609') in 0.013566 seconds
Number of updated asset objects reloaded before import = 0
Number of asset objects unloaded after import = 2
========================================================================
Received Import Request.
  Time since last request: 0.000083 seconds.
  path: Assets/Imports/Footstep(Snow and Grass)/Stepssingle sound/grass/Grass1 27-Audio.wav
  artifactKey: Guid(dc739d782ed6fe5439fb6de4a13f53bd) Importer(815301076,1909f56bfc062723c751e8b465ee728b)
Start importing Assets/Imports/Footstep(Snow and Grass)/Stepssingle sound/grass/Grass1 27-Audio.wav using Guid(dc739d782ed6fe5439fb6de4a13f53bd) Importer(815301076,1909f56bfc062723c751e8b465ee728b)  -> (artifact id: 'b8898d76cff7c9540bb114b017b3e9ae') in 0.023828 seconds
Number of updated asset objects reloaded before import = 0
Number of asset objects unloaded after import = 2
========================================================================
Received Import Request.
  Time since last request: 0.000085 seconds.
  path: Assets/Imports/Footstep(Snow and Grass)/Stepssingle sound/grass/Grass1 29-Audio.wav
  artifactKey: Guid(4437bc80104f4f84a9149c54a918b984) Importer(815301076,1909f56bfc062723c751e8b465ee728b)
Start importing Assets/Imports/Footstep(Snow and Grass)/Stepssingle sound/grass/Grass1 29-Audio.wav using Guid(4437bc80104f4f84a9149c54a918b984) Importer(815301076,1909f56bfc062723c751e8b465ee728b)  -> (artifact id: 'bb5ef06aa1bbf4e17355b84572b00b28') in 0.013063 seconds
Number of updated asset objects reloaded before import = 0
Number of asset objects unloaded after import = 2
========================================================================
Received Import Request.
  Time since last request: 27.720581 seconds.
  path: Assets/Imports/Footstep(Snow and Grass)/Stepssingle sound/snow/Snow1 3-Audio.wav
  artifactKey: Guid(28864cb8aba39f742b2e52c3a5a4b113) Importer(815301076,1909f56bfc062723c751e8b465ee728b)
Start importing Assets/Imports/Footstep(Snow and Grass)/Stepssingle sound/snow/Snow1 3-Audio.wav using Guid(28864cb8aba39f742b2e52c3a5a4b113) Importer(815301076,1909f56bfc062723c751e8b465ee728b)  -> (artifact id: '45d6904007bca78ee0737a1ad1f2e110') in 0.014254 seconds
Number of updated asset objects reloaded before import = 0
Number of asset objects unloaded after import = 2
========================================================================
Received Import Request.
  Time since last request: 0.015043 seconds.
  path: Assets/Imports/Footstep(Snow and Grass)/Stepssingle sound/snow/Snow1 5-Audio.wav
  artifactKey: Guid(152baa2c7a679d547883e6585674da7a) Importer(815301076,1909f56bfc062723c751e8b465ee728b)
Start importing Assets/Imports/Footstep(Snow and Grass)/Stepssingle sound/snow/Snow1 5-Audio.wav using Guid(152baa2c7a679d547883e6585674da7a) Importer(815301076,1909f56bfc062723c751e8b465ee728b)  -> (artifact id: '54dcc583f6c88cd8fa1022822d22b53a') in 0.014734 seconds
Number of updated asset objects reloaded before import = 0
Number of asset objects unloaded after import = 2
========================================================================
Received Import Request.
  Time since last request: 0.010407 seconds.
  path: Assets/Imports/Footstep(Snow and Grass)/Stepssingle sound/snow/Snow1 7-Audio.wav
  artifactKey: Guid(4477d53a3a60ea643b87fe82504aee67) Importer(815301076,1909f56bfc062723c751e8b465ee728b)
Start importing Assets/Imports/Footstep(Snow and Grass)/Stepssingle sound/snow/Snow1 7-Audio.wav using Guid(4477d53a3a60ea643b87fe82504aee67) Importer(815301076,1909f56bfc062723c751e8b465ee728b)  -> (artifact id: 'e384c6b751b9d059a6b9e0d0e8234f34') in 0.014934 seconds
Number of updated asset objects reloaded before import = 0
Number of asset objects unloaded after import = 2
========================================================================
Received Import Request.
  Time since last request: 0.260649 seconds.
  path: Assets/Imports/Footstep(Snow and Grass)/Stepssingle sound/snow/Snow1 11-Audio.wav
  artifactKey: Guid(9fbc8e15df2ca7842affcbcfde0ab937) Importer(815301076,1909f56bfc062723c751e8b465ee728b)
Start importing Assets/Imports/Footstep(Snow and Grass)/Stepssingle sound/snow/Snow1 11-Audio.wav using Guid(9fbc8e15df2ca7842affcbcfde0ab937) Importer(815301076,1909f56bfc062723c751e8b465ee728b)  -> (artifact id: '1d085fa3d10bea2db538773aac6a3127') in 0.014717 seconds
Number of updated asset objects reloaded before import = 0
Number of asset objects unloaded after import = 2
========================================================================
Received Import Request.
  Time since last request: 30.652832 seconds.
  path: Assets/Imports/Footstep(Snow and Grass)/Stepssingle sound/snow/Snow1 14-Audio.wav
  artifactKey: Guid(d42e78e130487f347b81e8233d4072a2) Importer(815301076,1909f56bfc062723c751e8b465ee728b)
Start importing Assets/Imports/Footstep(Snow and Grass)/Stepssingle sound/snow/Snow1 14-Audio.wav using Guid(d42e78e130487f347b81e8233d4072a2) Importer(815301076,1909f56bfc062723c751e8b465ee728b)  -> (artifact id: 'a0bbfe60bd981a2cc62f86a015128540') in 0.013580 seconds
Number of updated asset objects reloaded before import = 0
Number of asset objects unloaded after import = 2
========================================================================
Received Import Request.
  Time since last request: 0.108627 seconds.
  path: Assets/Imports/Footstep(Snow and Grass)/Stepssingle sound/snow/Snow1 19-Audio.wav
  artifactKey: Guid(5c59b22cb633543429b5029c416d4a3d) Importer(815301076,1909f56bfc062723c751e8b465ee728b)
Start importing Assets/Imports/Footstep(Snow and Grass)/Stepssingle sound/snow/Snow1 19-Audio.wav using Guid(5c59b22cb633543429b5029c416d4a3d) Importer(815301076,1909f56bfc062723c751e8b465ee728b)  -> (artifact id: '967bc5ca5f9f500df550baf2a33ac54c') in 0.014813 seconds
Number of updated asset objects reloaded before import = 0
Number of asset objects unloaded after import = 2
========================================================================
Received Import Request.
  Time since last request: 0.016785 seconds.
  path: Assets/Imports/Footstep(Snow and Grass)/Stepssingle sound/snow/Snow1 21-Audio.wav
  artifactKey: Guid(793ce870ec4e6d84fbd6662d8b662c94) Importer(815301076,1909f56bfc062723c751e8b465ee728b)
Start importing Assets/Imports/Footstep(Snow and Grass)/Stepssingle sound/snow/Snow1 21-Audio.wav using Guid(793ce870ec4e6d84fbd6662d8b662c94) Importer(815301076,1909f56bfc062723c751e8b465ee728b)  -> (artifact id: '811d3839d1873b1ac9742a0513f42d02') in 0.013645 seconds
Number of updated asset objects reloaded before import = 0
Number of asset objects unloaded after import = 2
========================================================================
Received Import Request.
  Time since last request: 6.322950 seconds.
  path: Assets/Imports/Footstep(Snow and Grass)/Stepssingle sound/snow/Snow1 25-Audio.wav
  artifactKey: Guid(d982ed62eb524e042814e3f5e6c45365) Importer(815301076,1909f56bfc062723c751e8b465ee728b)
Start importing Assets/Imports/Footstep(Snow and Grass)/Stepssingle sound/snow/Snow1 25-Audio.wav using Guid(d982ed62eb524e042814e3f5e6c45365) Importer(815301076,1909f56bfc062723c751e8b465ee728b)  -> (artifact id: '6e8b3851f05715019ba5ef0b1d3fc66f') in 0.014190 seconds
Number of updated asset objects reloaded before import = 0
Number of asset objects unloaded after import = 2
========================================================================
Received Import Request.
  Time since last request: 0.019727 seconds.
  path: Assets/Imports/Footstep(Snow and Grass)/Stepssingle sound/snow/Snow1 26-Audio.wav
  artifactKey: Guid(485d5d916988a1849ab14a7d44a79cf6) Importer(815301076,1909f56bfc062723c751e8b465ee728b)
Start importing Assets/Imports/Footstep(Snow and Grass)/Stepssingle sound/snow/Snow1 26-Audio.wav using Guid(485d5d916988a1849ab14a7d44a79cf6) Importer(815301076,1909f56bfc062723c751e8b465ee728b)  -> (artifact id: '1ce53a7719bdb87bf892ad4744f074e3') in 0.025811 seconds
Number of updated asset objects reloaded before import = 0
Number of asset objects unloaded after import = 2
========================================================================
Received Import Request.
  Time since last request: 0.010300 seconds.
  path: Assets/Imports/Footstep(Snow and Grass)/Stepssingle sound/snow/Snow1 28-Audio.wav
  artifactKey: Guid(3e64e1c9f6856814c9beeedddba28085) Importer(815301076,1909f56bfc062723c751e8b465ee728b)
Start importing Assets/Imports/Footstep(Snow and Grass)/Stepssingle sound/snow/Snow1 28-Audio.wav using Guid(3e64e1c9f6856814c9beeedddba28085) Importer(815301076,1909f56bfc062723c751e8b465ee728b)  -> (artifact id: '3ba4651ec074e382c277601a4c124b78') in 0.014206 seconds
Number of updated asset objects reloaded before import = 0
Number of asset objects unloaded after import = 2
========================================================================
Received Import Request.
  Time since last request: 5.809663 seconds.
  path: Assets/Imports/EzdehaSoundArt/Soft RPG Music Pack copie/ME/Victoire.wav
  artifactKey: Guid(0b433512473ac4f30b0e869699e34c19) Importer(815301076,1909f56bfc062723c751e8b465ee728b)
Start importing Assets/Imports/EzdehaSoundArt/Soft RPG Music Pack copie/ME/Victoire.wav using Guid(0b433512473ac4f30b0e869699e34c19) Importer(815301076,1909f56bfc062723c751e8b465ee728b)  -> (artifact id: '6da0d73040dd44a26e8d63f21a1199bb') in 0.014856 seconds
Number of updated asset objects reloaded before import = 0
Number of asset objects unloaded after import = 2
========================================================================
Received Import Request.
  Time since last request: 302.223199 seconds.
  path: Assets/Prefabs/Enemy.prefab
  artifactKey: Guid(7cc484909571a9f41a13324c9c37d349) Importer(815301076,1909f56bfc062723c751e8b465ee728b)
Start importing Assets/Prefabs/Enemy.prefab using Guid(7cc484909571a9f41a13324c9c37d349) Importer(815301076,1909f56bfc062723c751e8b465ee728b)  -> (artifact id: 'a54fc3f2c1b7b8b8aaf579050fe9b5b8') in 4.987939 seconds
Number of updated asset objects reloaded before import = 0
Number of asset objects unloaded after import = 386
